<?xml version="1.0" encoding="UTF-8"?>
<!-- Generated by org.testng.reporters.JUnitReportReporter -->
<testsuite hostname="Alok" failures="0" tests="2" name="Day5.ParsingXMLResponse" time="5.202" errors="0" timestamp="2024-09-10T15:38:49 IST" skipped="0">
  <testcase classname="Day5.ParsingXMLResponse" name="TestXMLResponse" time="4.077"/>
  <testcase classname="Day5.ParsingXMLResponse" name="testXMLResponseBody" time="1.125"/>
</testsuite> <!-- Day5.ParsingXMLResponse -->
