<?xml version="1.0" encoding="UTF-8"?>
<!-- Generated by org.testng.reporters.JUnitReportReporter -->
<testsuite hostname="Alok" failures="0" tests="1" name="Day6.JsonSchemaValidation" time="2.737" errors="0" timestamp="2024-09-11T07:33:15 IST" skipped="0">
  <testcase classname="Day6.JsonSchemaValidation" name="jsonSchemaValidation" time="2.737"/>
</testsuite> <!-- Day6.JsonSchemaValidation -->
