<?xml version="1.0" encoding="UTF-8"?>
<!-- Generated by org.testng.reporters.JUnitReportReporter -->
<testsuite hostname="Alok" failures="0" tests="1" name="Day7.Authentications" time="6.218" errors="0" timestamp="2024-09-13T06:52:49 IST" skipped="0">
  <testcase classname="Day7.Authentications" name="testBasicAuth" time="6.218"/>
</testsuite> <!-- Day7.Authentications -->
