<?xml version="1.0" encoding="UTF-8"?>
<!-- Generated by org.testng.reporters.JUnitReportReporter -->
<testsuite hostname="Alok" failures="0" tests="1" name="Day7.FakerDataGenerator" time="0.281" errors="0" timestamp="2024-09-16T07:03:09 IST" skipped="0">
  <testcase classname="Day7.FakerDataGenerator" name="testDataGeberator" time="0.281"/>
</testsuite> <!-- Day7.FakerDataGenerator -->
