<?xml version="1.0" encoding="UTF-8"?>
<!-- Generated by org.testng.reporters.JUnitReportReporter -->
<testsuite hostname="Alok" failures="0" tests="1" name="Day6.XMLSchemaValidation" time="3.725" errors="0" timestamp="2024-09-11T15:33:33 IST" skipped="0">
  <testcase classname="Day6.XMLSchemaValidation" name="xmlSchemaValidation" time="3.725"/>
</testsuite> <!-- Day6.XMLSchemaValidation -->
