<?xml version="1.0" encoding="UTF-8"?>
<!-- Generated by org.testng.reporters.JUnitReportReporter -->
<testsuite hostname="Alok" failures="0" tests="1" name="Test.HTTPRequestsj" time="6.582" errors="0" timestamp="2024-09-07T18:19:45 IST" skipped="0">
  <testcase classname="Test.HTTPRequestsj" name="deleteUser" time="6.582"/>
</testsuite> <!-- Test.HTTPRequestsj -->
